# JRE version: Java(TM) SE Runtime Environment (8.0_31-b13) (build 1.8.0_31-b13)
# Java VM: Java HotSpot(TM) 64-Bit Server VM (25.31-b07 mixed mode windows-amd64 compressed oops)
Heap:
 PSYoungGen      total 86016K, used 8679K [0x00000000f5500000, 0x00000000fbb00000, 0x0000000100000000)
  eden space 80896K, 4% used [0x00000000f5500000,0x00000000f587c9c8,0x00000000fa400000)
  from space 5120K, 99% used [0x00000000fb600000,0x00000000fbafd558,0x00000000fbb00000)
  to   space 9728K, 0% used [0x00000000fa800000,0x00000000fa800000,0x00000000fb180000)
 ParOldGen       total 61952K, used 53997K [0x00000000dfe00000, 0x00000000e3a80000, 0x00000000f5500000)
  object space 61952K, 87% used [0x00000000dfe00000,0x00000000e32bb5a8,0x00000000e3a80000)
 Metaspace       used 34426K, capacity 34726K, committed 35200K, reserved 1079296K
  class space    used 4804K, capacity 4866K, committed 4992K, reserved 1048576K
GC Heap History (10 events):
Event: 10358.766 GC heap before
{Heap before GC invocations=3758 (full 12):
 PSYoungGen      total 103424K, used 103392K [0x00000000f5500000, 0x00000000fc280000, 0x0000000100000000)
  eden space 98816K, 100% used [0x00000000f5500000,0x00000000fb580000,0x00000000fb580000)
  from space 4608K, 99% used [0x00000000fbc80000,0x00000000fc0f8008,0x00000000fc100000)
  to   space 1536K, 0% used [0x00000000fc100000,0x00000000fc100000,0x00000000fc280000)
 ParOldGen       total 61952K, used 42948K [0x00000000dfe00000, 0x00000000e3a80000, 0x00000000f5500000)
  object space 61952K, 69% used [0x00000000dfe00000,0x00000000e27f13e0,0x00000000e3a80000)
 Metaspace       used 34338K, capacity 34592K, committed 35200K, reserved 1079296K
  class space    used 4803K, capacity 4865K, committed 4992K, reserved 1048576K
Event: 10358.785 GC heap after
Heap after GC invocations=3758 (full 12):
 PSYoungGen      total 96256K, used 1528K [0x00000000f5500000, 0x00000000fc280000, 0x0000000100000000)
  eden space 94720K, 0% used [0x00000000f5500000,0x00000000f5500000,0x00000000fb180000)
  from space 1536K, 99% used [0x00000000fc100000,0x00000000fc27e3d0,0x00000000fc280000)
  to   space 6656K, 0% used [0x00000000fb580000,0x00000000fb580000,0x00000000fbc00000)
 ParOldGen       total 61952K, used 47650K [0x00000000dfe00000, 0x00000000e3a80000, 0x00000000f5500000)
  object space 61952K, 76% used [0x00000000dfe00000,0x00000000e2c88890,0x00000000e3a80000)
 Metaspace       used 34338K, capacity 34592K, committed 35200K, reserved 1079296K
  class space    used 4803K, capacity 4865K, committed 4992K, reserved 1048576K
}
Event: 10365.437 GC heap before
{Heap before GC invocations=3759 (full 12):
 PSYoungGen      total 96256K, used 96011K [0x00000000f5500000, 0x00000000fc280000, 0x0000000100000000)
  eden space 94720K, 99% used [0x00000000f5500000,0x00000000fb144af0,0x00000000fb180000)
  from space 1536K, 99% used [0x00000000fc100000,0x00000000fc27e3d0,0x00000000fc280000)
  to   space 6656K, 0% used [0x00000000fb580000,0x00000000fb580000,0x00000000fbc00000)
 ParOldGen       total 61952K, used 47650K [0x00000000dfe00000, 0x00000000e3a80000, 0x00000000f5500000)
  object space 61952K, 76% used [0x00000000dfe00000,0x00000000e2c88890,0x00000000e3a80000)
 Metaspace       used 34347K, capacity 34592K, committed 35200K, reserved 1079296K
  class space    used 4803K, capacity 4865K, committed 4992K, reserved 1048576K
Event: 10365.443 GC heap after
Heap after GC invocations=3759 (full 12):
 PSYoungGen      total 96256K, used 5006K [0x00000000f5500000, 0x00000000fc180000, 0x0000000100000000)
  eden space 91136K, 0% used [0x00000000f5500000,0x00000000f5500000,0x00000000fae00000)
  from space 5120K, 97% used [0x00000000fb580000,0x00000000fba63b28,0x00000000fba80000)
  to   space 7168K, 0% used [0x00000000fba80000,0x00000000fba80000,0x00000000fc180000)
 ParOldGen       total 61952K, used 47806K [0x00000000dfe00000, 0x00000000e3a80000, 0x00000000f5500000)
  object space 61952K, 77% used [0x00000000dfe00000,0x00000000e2cafa78,0x00000000e3a80000)
 Metaspace       used 34347K, capacity 34592K, committed 35200K, reserved 1079296K
  class space    used 4803K, capacity 4865K, committed 4992K, reserved 1048576K
}
Event: 10390.317 GC heap before
{Heap before GC invocations=3760 (full 12):
 PSYoungGen      total 96256K, used 96142K [0x00000000f5500000, 0x00000000fc180000, 0x0000000100000000)
  eden space 91136K, 100% used [0x00000000f5500000,0x00000000fae00000,0x00000000fae00000)
  from space 5120K, 97% used [0x00000000fb580000,0x00000000fba63b28,0x00000000fba80000)
  to   space 7168K, 0% used [0x00000000fba80000,0x00000000fba80000,0x00000000fc180000)
 ParOldGen       total 61952K, used 47806K [0x00000000dfe00000, 0x00000000e3a80000, 0x00000000f5500000)
  object space 61952K, 77% used [0x00000000dfe00000,0x00000000e2cafa78,0x00000000e3a80000)
 Metaspace       used 34354K, capacity 34592K, committed 35200K, reserved 1079296K
  class space    used 4803K, capacity 4865K, committed 4992K, reserved 1048576K
Event: 10390.322 GC heap after
Heap after GC invocations=3760 (full 12):
 PSYoungGen      total 94720K, used 7154K [0x00000000f5500000, 0x00000000fc180000, 0x0000000100000000)
  eden space 87552K, 0% used [0x00000000f5500000,0x00000000f5500000,0x00000000faa80000)
  from space 7168K, 99% used [0x00000000fba80000,0x00000000fc17c800,0x00000000fc180000)
  to   space 8704K, 0% used [0x00000000fb080000,0x00000000fb080000,0x00000000fb900000)
 ParOldGen       total 61952K, used 48040K [0x00000000dfe00000, 0x00000000e3a80000, 0x00000000f5500000)
  object space 61952K, 77% used [0x00000000dfe00000,0x00000000e2cea318,0x00000000e3a80000)
 Metaspace       used 34354K, capacity 34592K, committed 35200K, reserved 1079296K
  class space    used 4803K, capacity 4865K, committed 4992K, reserved 1048576K
}
Event: 10394.550 GC heap before
{Heap before GC invocations=3761 (full 12):
 PSYoungGen      total 94720K, used 94706K [0x00000000f5500000, 0x00000000fc180000, 0x0000000100000000)
  eden space 87552K, 100% used [0x00000000f5500000,0x00000000faa80000,0x00000000faa80000)
  from space 7168K, 99% used [0x00000000fba80000,0x00000000fc17c800,0x00000000fc180000)
  to   space 8704K, 0% used [0x00000000fb080000,0x00000000fb080000,0x00000000fb900000)
 ParOldGen       total 61952K, used 48040K [0x00000000dfe00000, 0x00000000e3a80000, 0x00000000f5500000)
  object space 61952K, 77% used [0x00000000dfe00000,0x00000000e2cea318,0x00000000e3a80000)
 Metaspace       used 34358K, capacity 34592K, committed 35200K, reserved 1079296K
  class space    used 4803K, capacity 4865K, committed 4992K, reserved 1048576K
Event: 10394.563 GC heap after
Heap after GC invocations=3761 (full 12):
 PSYoungGen      total 89600K, used 5141K [0x00000000f5500000, 0x00000000fbb00000, 0x0000000100000000)
  eden space 83968K, 0% used [0x00000000f5500000,0x00000000f5500000,0x00000000fa700000)
  from space 5632K, 91% used [0x00000000fb080000,0x00000000fb585558,0x00000000fb600000)
  to   space 5120K, 0% used [0x00000000fb600000,0x00000000fb600000,0x00000000fbb00000)
 ParOldGen       total 61952K, used 51820K [0x00000000dfe00000, 0x00000000e3a80000, 0x00000000f5500000)
  object space 61952K, 83% used [0x00000000dfe00000,0x00000000e309b050,0x00000000e3a80000)
 Metaspace       used 34358K, capacity 34592K, committed 35200K, reserved 1079296K
  class space    used 4803K, capacity 4865K, committed 4992K, reserved 1048576K
}
Event: 10424.882 GC heap before
{Heap before GC invocations=3762 (full 12):
 PSYoungGen      total 89600K, used 89109K [0x00000000f5500000, 0x00000000fbb00000, 0x0000000100000000)
  eden space 83968K, 100% used [0x00000000f5500000,0x00000000fa700000,0x00000000fa700000)
  from space 5632K, 91% used [0x00000000fb080000,0x00000000fb585558,0x00000000fb600000)
  to   space 5120K, 0% used [0x00000000fb600000,0x00000000fb600000,0x00000000fbb00000)
 ParOldGen       total 61952K, used 51820K [0x00000000dfe00000, 0x00000000e3a80000, 0x00000000f5500000)
  object space 61952K, 83% used [0x00000000dfe00000,0x00000000e309b050,0x00000000e3a80000)
 Metaspace       used 34410K, capacity 34592K, committed 35200K, reserved 1079296K
  class space    used 4803K, capacity 4865K, committed 4992K, reserved 1048576K
Event: 10424.888 GC heap after
Heap after GC invocations=3762 (full 12):
 PSYoungGen      total 86016K, used 5109K [0x00000000f5500000, 0x00000000fbb00000, 0x0000000100000000)
  eden space 80896K, 0% used [0x00000000f5500000,0x00000000f5500000,0x00000000fa400000)
  from space 5120K, 99% used [0x00000000fb600000,0x00000000fbafd558,0x00000000fbb00000)
  to   space 9728K, 0% used [0x00000000fa800000,0x00000000fa800000,0x00000000fb180000)
 ParOldGen       total 61952K, used 53997K [0x00000000dfe00000, 0x00000000e3a80000, 0x00000000f5500000)
  object space 61952K, 87% used [0x00000000dfe00000,0x00000000e32bb5a8,0x00000000e3a80000)
 Metaspace       used 34410K, capacity 34592K, committed 35200K, reserved 1079296K
  class space    used 4803K, capacity 4865K, committed 4992K, reserved 1048576K
}

