# JRE version: Java(TM) SE Runtime Environment (8.0_31-b13) (build 1.8.0_31-b13)
# Java VM: Java HotSpot(TM) 64-Bit Server VM (25.31-b07 mixed mode windows-amd64 compressed oops)
Heap:
 PSYoungGen      total 16384K, used 6319K [0x00000000f5500000, 0x00000000fde80000, 0x0000000100000000)
  eden space 15872K, 39% used [0x00000000f5500000,0x00000000f5b1be98,0x00000000f6480000)
  from space 512K, 12% used [0x00000000fde00000,0x00000000fde10000,0x00000000fde80000)
  to   space 512K, 0% used [0x00000000fdd80000,0x00000000fdd80000,0x00000000fde00000)
 ParOldGen       total 26112K, used 20220K [0x00000000dfe00000, 0x00000000e1780000, 0x00000000f5500000)
  object space 26112K, 77% used [0x00000000dfe00000,0x00000000e11bf338,0x00000000e1780000)
 Metaspace       used 28177K, capacity 28332K, committed 28800K, reserved 1075200K
  class space    used 3541K, capacity 3603K, committed 3712K, reserved 1048576K
GC Heap History (10 events):
Event: 877.277 GC heap before
{Heap before GC invocations=2429 (full 5):
 PSYoungGen      total 16384K, used 15936K [0x00000000f5500000, 0x00000000fde80000, 0x0000000100000000)
  eden space 15872K, 100% used [0x00000000f5500000,0x00000000f6480000,0x00000000f6480000)
  from space 512K, 12% used [0x00000000fdd80000,0x00000000fdd90000,0x00000000fde00000)
  to   space 512K, 0% used [0x00000000fde00000,0x00000000fde00000,0x00000000fde80000)
 ParOldGen       total 26112K, used 20156K [0x00000000dfe00000, 0x00000000e1780000, 0x00000000f5500000)
  object space 26112K, 77% used [0x00000000dfe00000,0x00000000e11af338,0x00000000e1780000)
 Metaspace       used 28177K, capacity 28332K, committed 28800K, reserved 1075200K
  class space    used 3541K, capacity 3603K, committed 3712K, reserved 1048576K
Event: 877.279 GC heap after
Heap after GC invocations=2429 (full 5):
 PSYoungGen      total 16384K, used 64K [0x00000000f5500000, 0x00000000fde80000, 0x0000000100000000)
  eden space 15872K, 0% used [0x00000000f5500000,0x00000000f5500000,0x00000000f6480000)
  from space 512K, 12% used [0x00000000fde00000,0x00000000fde10000,0x00000000fde80000)
  to   space 512K, 0% used [0x00000000fdd80000,0x00000000fdd80000,0x00000000fde00000)
 ParOldGen       total 26112K, used 20164K [0x00000000dfe00000, 0x00000000e1780000, 0x00000000f5500000)
  object space 26112K, 77% used [0x00000000dfe00000,0x00000000e11b1338,0x00000000e1780000)
 Metaspace       used 28177K, capacity 28332K, committed 28800K, reserved 1075200K
  class space    used 3541K, capacity 3603K, committed 3712K, reserved 1048576K
}
Event: 877.519 GC heap before
{Heap before GC invocations=2430 (full 5):
 PSYoungGen      total 16384K, used 15936K [0x00000000f5500000, 0x00000000fde80000, 0x0000000100000000)
  eden space 15872K, 100% used [0x00000000f5500000,0x00000000f6480000,0x00000000f6480000)
  from space 512K, 12% used [0x00000000fde00000,0x00000000fde10000,0x00000000fde80000)
  to   space 512K, 0% used [0x00000000fdd80000,0x00000000fdd80000,0x00000000fde00000)
 ParOldGen       total 26112K, used 20164K [0x00000000dfe00000, 0x00000000e1780000, 0x00000000f5500000)
  object space 26112K, 77% used [0x00000000dfe00000,0x00000000e11b1338,0x00000000e1780000)
 Metaspace       used 28177K, capacity 28332K, committed 28800K, reserved 1075200K
  class space    used 3541K, capacity 3603K, committed 3712K, reserved 1048576K
Event: 877.521 GC heap after
Heap after GC invocations=2430 (full 5):
 PSYoungGen      total 16384K, used 64K [0x00000000f5500000, 0x00000000fde80000, 0x0000000100000000)
  eden space 15872K, 0% used [0x00000000f5500000,0x00000000f5500000,0x00000000f6480000)
  from space 512K, 12% used [0x00000000fdd80000,0x00000000fdd90000,0x00000000fde00000)
  to   space 512K, 0% used [0x00000000fde00000,0x00000000fde00000,0x00000000fde80000)
 ParOldGen       total 26112K, used 20172K [0x00000000dfe00000, 0x00000000e1780000, 0x00000000f5500000)
  object space 26112K, 77% used [0x00000000dfe00000,0x00000000e11b3338,0x00000000e1780000)
 Metaspace       used 28177K, capacity 28332K, committed 28800K, reserved 1075200K
  class space    used 3541K, capacity 3603K, committed 3712K, reserved 1048576K
}
Event: 877.769 GC heap before
{Heap before GC invocations=2431 (full 5):
 PSYoungGen      total 16384K, used 15936K [0x00000000f5500000, 0x00000000fde80000, 0x0000000100000000)
  eden space 15872K, 100% used [0x00000000f5500000,0x00000000f6480000,0x00000000f6480000)
  from space 512K, 12% used [0x00000000fdd80000,0x00000000fdd90000,0x00000000fde00000)
  to   space 512K, 0% used [0x00000000fde00000,0x00000000fde00000,0x00000000fde80000)
 ParOldGen       total 26112K, used 20172K [0x00000000dfe00000, 0x00000000e1780000, 0x00000000f5500000)
  object space 26112K, 77% used [0x00000000dfe00000,0x00000000e11b3338,0x00000000e1780000)
 Metaspace       used 28177K, capacity 28332K, committed 28800K, reserved 1075200K
  class space    used 3541K, capacity 3603K, committed 3712K, reserved 1048576K
Event: 877.770 GC heap after
Heap after GC invocations=2431 (full 5):
 PSYoungGen      total 16384K, used 64K [0x00000000f5500000, 0x00000000fde80000, 0x0000000100000000)
  eden space 15872K, 0% used [0x00000000f5500000,0x00000000f5500000,0x00000000f6480000)
  from space 512K, 12% used [0x00000000fde00000,0x00000000fde10000,0x00000000fde80000)
  to   space 512K, 0% used [0x00000000fdd80000,0x00000000fdd80000,0x00000000fde00000)
 ParOldGen       total 26112K, used 20188K [0x00000000dfe00000, 0x00000000e1780000, 0x00000000f5500000)
  object space 26112K, 77% used [0x00000000dfe00000,0x00000000e11b7338,0x00000000e1780000)
 Metaspace       used 28177K, capacity 28332K, committed 28800K, reserved 1075200K
  class space    used 3541K, capacity 3603K, committed 3712K, reserved 1048576K
}
Event: 878.003 GC heap before
{Heap before GC invocations=2432 (full 5):
 PSYoungGen      total 16384K, used 15936K [0x00000000f5500000, 0x00000000fde80000, 0x0000000100000000)
  eden space 15872K, 100% used [0x00000000f5500000,0x00000000f6480000,0x00000000f6480000)
  from space 512K, 12% used [0x00000000fde00000,0x00000000fde10000,0x00000000fde80000)
  to   space 512K, 0% used [0x00000000fdd80000,0x00000000fdd80000,0x00000000fde00000)
 ParOldGen       total 26112K, used 20188K [0x00000000dfe00000, 0x00000000e1780000, 0x00000000f5500000)
  object space 26112K, 77% used [0x00000000dfe00000,0x00000000e11b7338,0x00000000e1780000)
 Metaspace       used 28177K, capacity 28332K, committed 28800K, reserved 1075200K
  class space    used 3541K, capacity 3603K, committed 3712K, reserved 1048576K
Event: 878.004 GC heap after
Heap after GC invocations=2432 (full 5):
 PSYoungGen      total 16384K, used 64K [0x00000000f5500000, 0x00000000fde80000, 0x0000000100000000)
  eden space 15872K, 0% used [0x00000000f5500000,0x00000000f5500000,0x00000000f6480000)
  from space 512K, 12% used [0x00000000fdd80000,0x00000000fdd90000,0x00000000fde00000)
  to   space 512K, 0% used [0x00000000fde00000,0x00000000fde00000,0x00000000fde80000)
 ParOldGen       total 26112K, used 20204K [0x00000000dfe00000, 0x00000000e1780000, 0x00000000f5500000)
  object space 26112K, 77% used [0x00000000dfe00000,0x00000000e11bb338,0x00000000e1780000)
 Metaspace       used 28177K, capacity 28332K, committed 28800K, reserved 1075200K
  class space    used 3541K, capacity 3603K, committed 3712K, reserved 1048576K
}
Event: 878.229 GC heap before
{Heap before GC invocations=2433 (full 5):
 PSYoungGen      total 16384K, used 15936K [0x00000000f5500000, 0x00000000fde80000, 0x0000000100000000)
  eden space 15872K, 100% used [0x00000000f5500000,0x00000000f6480000,0x00000000f6480000)
  from space 512K, 12% used [0x00000000fdd80000,0x00000000fdd90000,0x00000000fde00000)
  to   space 512K, 0% used [0x00000000fde00000,0x00000000fde00000,0x00000000fde80000)
 ParOldGen       total 26112K, used 20204K [0x00000000dfe00000, 0x00000000e1780000, 0x00000000f5500000)
  object space 26112K, 77% used [0x00000000dfe00000,0x00000000e11bb338,0x00000000e1780000)
 Metaspace       used 28177K, capacity 28332K, committed 28800K, reserved 1075200K
  class space    used 3541K, capacity 3603K, committed 3712K, reserved 1048576K
Event: 878.230 GC heap after
Heap after GC invocations=2433 (full 5):
 PSYoungGen      total 16384K, used 64K [0x00000000f5500000, 0x00000000fde80000, 0x0000000100000000)
  eden space 15872K, 0% used [0x00000000f5500000,0x00000000f5500000,0x00000000f6480000)
  from space 512K, 12% used [0x00000000fde00000,0x00000000fde10000,0x00000000fde80000)
  to   space 512K, 0% used [0x00000000fdd80000,0x00000000fdd80000,0x00000000fde00000)
 ParOldGen       total 26112K, used 20220K [0x00000000dfe00000, 0x00000000e1780000, 0x00000000f5500000)
  object space 26112K, 77% used [0x00000000dfe00000,0x00000000e11bf338,0x00000000e1780000)
 Metaspace       used 28177K, capacity 28332K, committed 28800K, reserved 1075200K
  class space    used 3541K, capacity 3603K, committed 3712K, reserved 1048576K
}

