# JRE version: Java(TM) SE Runtime Environment (8.0_31-b13) (build 1.8.0_31-b13)
# Java VM: Java HotSpot(TM) 64-Bit Server VM (25.31-b07 mixed mode windows-amd64 compressed oops)
Heap:
 PSYoungGen      total 27648K, used 11696K [0x00000000e0c00000, 0x00000000e2e00000, 0x0000000100000000)
  eden space 22528K, 37% used [0x00000000e0c00000,0x00000000e145bd78,0x00000000e2200000)
  from space 5120K, 61% used [0x00000000e2900000,0x00000000e2c105d8,0x00000000e2e00000)
  to   space 6144K, 0% used [0x00000000e2200000,0x00000000e2200000,0x00000000e2800000)
 ParOldGen       total 32768K, used 6732K [0x00000000a2400000, 0x00000000a4400000, 0x00000000e0c00000)
  object space 32768K, 20% used [0x00000000a2400000,0x00000000a2a93110,0x00000000a4400000)
 Metaspace       used 27397K, capacity 27674K, committed 28032K, reserved 1073152K
  class space    used 3640K, capacity 3712K, committed 3712K, reserved 1048576K
GC Heap History (10 events):
Event: 32.189 GC heap before
{Heap before GC invocations=5 (full 0):
 PSYoungGen      total 28160K, used 28128K [0x00000000e0c00000, 0x00000000e2b00000, 0x0000000100000000)
  eden space 24576K, 100% used [0x00000000e0c00000,0x00000000e2400000,0x00000000e2400000)
  from space 3584K, 99% used [0x00000000e2780000,0x00000000e2af8088,0x00000000e2b00000)
  to   space 3584K, 0% used [0x00000000e2400000,0x00000000e2400000,0x00000000e2780000)
 ParOldGen       total 64512K, used 328K [0x00000000a2400000, 0x00000000a6300000, 0x00000000e0c00000)
  object space 64512K, 0% used [0x00000000a2400000,0x00000000a2452000,0x00000000a6300000)
 Metaspace       used 20065K, capacity 20318K, committed 20736K, reserved 1067008K
  class space    used 2684K, capacity 2744K, committed 2816K, reserved 1048576K
Event: 32.200 GC heap after
Heap after GC invocations=5 (full 0):
 PSYoungGen      total 27648K, used 3569K [0x00000000e0c00000, 0x00000000e2f80000, 0x0000000100000000)
  eden space 24064K, 0% used [0x00000000e0c00000,0x00000000e0c00000,0x00000000e2380000)
  from space 3584K, 99% used [0x00000000e2400000,0x00000000e277c6d0,0x00000000e2780000)
  to   space 6144K, 0% used [0x00000000e2980000,0x00000000e2980000,0x00000000e2f80000)
 ParOldGen       total 64512K, used 3062K [0x00000000a2400000, 0x00000000a6300000, 0x00000000e0c00000)
  object space 64512K, 4% used [0x00000000a2400000,0x00000000a26fd810,0x00000000a6300000)
 Metaspace       used 20065K, capacity 20318K, committed 20736K, reserved 1067008K
  class space    used 2684K, capacity 2744K, committed 2816K, reserved 1048576K
}
Event: 32.916 GC heap before
{Heap before GC invocations=6 (full 0):
 PSYoungGen      total 27648K, used 9650K [0x00000000e0c00000, 0x00000000e2f80000, 0x0000000100000000)
  eden space 24064K, 25% used [0x00000000e0c00000,0x00000000e11f02f8,0x00000000e2380000)
  from space 3584K, 99% used [0x00000000e2400000,0x00000000e277c6d0,0x00000000e2780000)
  to   space 6144K, 0% used [0x00000000e2980000,0x00000000e2980000,0x00000000e2f80000)
 ParOldGen       total 64512K, used 3062K [0x00000000a2400000, 0x00000000a6300000, 0x00000000e0c00000)
  object space 64512K, 4% used [0x00000000a2400000,0x00000000a26fd810,0x00000000a6300000)
 Metaspace       used 20926K, capacity 21066K, committed 21296K, reserved 1067008K
  class space    used 2780K, capacity 2842K, committed 2944K, reserved 1048576K
Event: 32.924 GC heap after
Heap after GC invocations=6 (full 0):
 PSYoungGen      total 29184K, used 3841K [0x00000000e0c00000, 0x00000000e2f00000, 0x0000000100000000)
  eden space 23552K, 0% used [0x00000000e0c00000,0x00000000e0c00000,0x00000000e2300000)
  from space 5632K, 68% used [0x00000000e2980000,0x00000000e2d406c0,0x00000000e2f00000)
  to   space 6144K, 0% used [0x00000000e2300000,0x00000000e2300000,0x00000000e2900000)
 ParOldGen       total 64512K, used 3070K [0x00000000a2400000, 0x00000000a6300000, 0x00000000e0c00000)
  object space 64512K, 4% used [0x00000000a2400000,0x00000000a26ff810,0x00000000a6300000)
 Metaspace       used 20926K, capacity 21066K, committed 21296K, reserved 1067008K
  class space    used 2780K, capacity 2842K, committed 2944K, reserved 1048576K
}
Event: 32.924 GC heap before
{Heap before GC invocations=7 (full 1):
 PSYoungGen      total 29184K, used 3841K [0x00000000e0c00000, 0x00000000e2f00000, 0x0000000100000000)
  eden space 23552K, 0% used [0x00000000e0c00000,0x00000000e0c00000,0x00000000e2300000)
  from space 5632K, 68% used [0x00000000e2980000,0x00000000e2d406c0,0x00000000e2f00000)
  to   space 6144K, 0% used [0x00000000e2300000,0x00000000e2300000,0x00000000e2900000)
 ParOldGen       total 64512K, used 3070K [0x00000000a2400000, 0x00000000a6300000, 0x00000000e0c00000)
  object space 64512K, 4% used [0x00000000a2400000,0x00000000a26ff810,0x00000000a6300000)
 Metaspace       used 20926K, capacity 21066K, committed 21296K, reserved 1067008K
  class space    used 2780K, capacity 2842K, committed 2944K, reserved 1048576K
Event: 32.984 GC heap after
Heap after GC invocations=7 (full 1):
 PSYoungGen      total 29184K, used 0K [0x00000000e0c00000, 0x00000000e2f00000, 0x0000000100000000)
  eden space 23552K, 0% used [0x00000000e0c00000,0x00000000e0c00000,0x00000000e2300000)
  from space 5632K, 0% used [0x00000000e2980000,0x00000000e2980000,0x00000000e2f00000)
  to   space 6144K, 0% used [0x00000000e2300000,0x00000000e2300000,0x00000000e2900000)
 ParOldGen       total 32768K, used 6652K [0x00000000a2400000, 0x00000000a4400000, 0x00000000e0c00000)
  object space 32768K, 20% used [0x00000000a2400000,0x00000000a2a7f100,0x00000000a4400000)
 Metaspace       used 20925K, capacity 21064K, committed 21296K, reserved 1067008K
  class space    used 2779K, capacity 2841K, committed 2944K, reserved 1048576K
}
Event: 34.853 GC heap before
{Heap before GC invocations=8 (full 1):
 PSYoungGen      total 29184K, used 23552K [0x00000000e0c00000, 0x00000000e2f00000, 0x0000000100000000)
  eden space 23552K, 100% used [0x00000000e0c00000,0x00000000e2300000,0x00000000e2300000)
  from space 5632K, 0% used [0x00000000e2980000,0x00000000e2980000,0x00000000e2f00000)
  to   space 6144K, 0% used [0x00000000e2300000,0x00000000e2300000,0x00000000e2900000)
 ParOldGen       total 32768K, used 6652K [0x00000000a2400000, 0x00000000a4400000, 0x00000000e0c00000)
  object space 32768K, 20% used [0x00000000a2400000,0x00000000a2a7f100,0x00000000a4400000)
 Metaspace       used 22397K, capacity 22632K, committed 23040K, reserved 1069056K
  class space    used 2946K, capacity 3001K, committed 3072K, reserved 1048576K
Event: 34.855 GC heap after
Heap after GC invocations=8 (full 1):
 PSYoungGen      total 29184K, used 336K [0x00000000e0c00000, 0x00000000e2f80000, 0x0000000100000000)
  eden space 23040K, 0% used [0x00000000e0c00000,0x00000000e0c00000,0x00000000e2280000)
  from space 6144K, 5% used [0x00000000e2300000,0x00000000e2354010,0x00000000e2900000)
  to   space 6656K, 0% used [0x00000000e2900000,0x00000000e2900000,0x00000000e2f80000)
 ParOldGen       total 32768K, used 6724K [0x00000000a2400000, 0x00000000a4400000, 0x00000000e0c00000)
  object space 32768K, 20% used [0x00000000a2400000,0x00000000a2a91110,0x00000000a4400000)
 Metaspace       used 22397K, capacity 22632K, committed 23040K, reserved 1069056K
  class space    used 2946K, capacity 3001K, committed 3072K, reserved 1048576K
}
Event: 43.229 GC heap before
{Heap before GC invocations=9 (full 1):
 PSYoungGen      total 29184K, used 23376K [0x00000000e0c00000, 0x00000000e2f80000, 0x0000000100000000)
  eden space 23040K, 100% used [0x00000000e0c00000,0x00000000e2280000,0x00000000e2280000)
  from space 6144K, 5% used [0x00000000e2300000,0x00000000e2354010,0x00000000e2900000)
  to   space 6656K, 0% used [0x00000000e2900000,0x00000000e2900000,0x00000000e2f80000)
 ParOldGen       total 32768K, used 6724K [0x00000000a2400000, 0x00000000a4400000, 0x00000000e0c00000)
  object space 32768K, 20% used [0x00000000a2400000,0x00000000a2a91110,0x00000000a4400000)
 Metaspace       used 26888K, capacity 27130K, committed 27520K, reserved 1073152K
  class space    used 3616K, capacity 3680K, committed 3712K, reserved 1048576K
Event: 43.234 GC heap after
Heap after GC invocations=9 (full 1):
 PSYoungGen      total 27648K, used 3137K [0x00000000e0c00000, 0x00000000e2e00000, 0x0000000100000000)
  eden space 22528K, 0% used [0x00000000e0c00000,0x00000000e0c00000,0x00000000e2200000)
  from space 5120K, 61% used [0x00000000e2900000,0x00000000e2c105d8,0x00000000e2e00000)
  to   space 6144K, 0% used [0x00000000e2200000,0x00000000e2200000,0x00000000e2800000)
 ParOldGen       total 32768K, used 6732K [0x00000000a2400000, 0x00000000a4400000, 0x00000000e0c00000)
  object space 32768K, 20% used [0x00000000a2400000,0x00000000a2a93110,0x00000000a4400000)
 Metaspace       used 26888K, capacity 27130K, committed 27520K, reserved 1073152K
  class space    used 3616K, capacity 3680K, committed 3712K, reserved 1048576K
}

